This is pdfTeX, Version 3.14159265-2.6-1.40.18 (TeX Live 2017/Arch Linux) (preloaded format=pdflatex)
 restricted \write18 enabled.
entering extended mode
(./Tesis.tex
LaTeX2e <2017-04-15>
Babel <3.15> and hyphenation patterns for 84 language(s) loaded.
(/usr/share/texmf-dist/tex/latex/base/book.cls
Document Class: book 2014/09/29 v1.4h Standard LaTeX document class
(/usr/share/texmf-dist/tex/latex/base/bk11.clo))
\@input{config.aux}
(./config.tex) (./TeXiS/TeXiS.sty
(/usr/share/texmf-dist/tex/latex/tools/verbatim.sty)
\@input{TeXiS/TeXiS_pream.aux}
(./TeXiS/TeXiS_pream.tex (/usr/share/texmf-dist/tex/latex/base/shortvrb.sty)
(/usr/share/texmf-dist/tex/latex/base/inputenc.sty
(/usr/share/texmf-dist/tex/latex/base/utf8.def
(/usr/share/texmf-dist/tex/latex/base/t1enc.dfu)
(/usr/share/texmf-dist/tex/latex/base/ot1enc.dfu)
(/usr/share/texmf-dist/tex/latex/base/omsenc.dfu)))
(/usr/share/texmf-dist/tex/latex/natbib/natbib.sty)
(/usr/share/texmf-dist/tex/generic/babel/babel.sty
(/usr/share/texmf-dist/tex/generic/babel/switch.def)
(/usr/share/texmf-dist/tex/generic/babel-spanish/spanish.ldf
(/usr/share/texmf-dist/tex/generic/babel/babel.def
(/usr/share/texmf-dist/tex/generic/babel/switch.def))))
(/usr/share/texmf-dist/tex/latex/url/url.sty)
(/usr/share/texmf-dist/tex/generic/oberdiek/ifpdf.sty)
(/usr/share/texmf-dist/tex/latex/hyperref/hyperref.sty
(/usr/share/texmf-dist/tex/generic/oberdiek/hobsub-hyperref.sty
(/usr/share/texmf-dist/tex/generic/oberdiek/hobsub-generic.sty))
(/usr/share/texmf-dist/tex/latex/graphics/keyval.sty)
(/usr/share/texmf-dist/tex/generic/ifxetex/ifxetex.sty)
(/usr/share/texmf-dist/tex/latex/oberdiek/auxhook.sty)
(/usr/share/texmf-dist/tex/latex/oberdiek/kvoptions.sty)
(/usr/share/texmf-dist/tex/latex/hyperref/pd1enc.def)
(/usr/share/texmf-dist/tex/latex/latexconfig/hyperref.cfg)

Package hyperref Warning: Invalid value `0'
(hyperref)                for option `pdfborder'.
(hyperref)                Option setting is ignored on input line 4374.

)

Package hyperref Message: Driver (autodetected): hpdftex.

(/usr/share/texmf-dist/tex/latex/hyperref/hpdftex.def
(/usr/share/texmf-dist/tex/latex/oberdiek/rerunfilecheck.sty))
(/usr/share/texmf-dist/tex/latex/base/makeidx.sty)
Writing index file Tesis.idx
(/usr/share/texmf-dist/tex/latex/tools/multicol.sty)
(/usr/share/texmf-dist/tex/latex/subfig/subfig.sty
(/usr/share/texmf-dist/tex/latex/caption/caption.sty
(/usr/share/texmf-dist/tex/latex/caption/caption3.sty)))
(/usr/share/texmf-dist/tex/latex/listings/listings.sty
(/usr/share/texmf-dist/tex/latex/listings/lstmisc.sty)
(/usr/share/texmf-dist/tex/latex/listings/listings.cfg))
(/usr/share/texmf-dist/tex/latex/tools/tabularx.sty
(/usr/share/texmf-dist/tex/latex/tools/array.sty))
(/usr/share/texmf-dist/tex/latex/base/fontenc.sty
(/usr/share/texmf-dist/tex/latex/base/t1enc.def))
(/usr/share/texmf-dist/tex/latex/graphics/epsfig.sty
(/usr/share/texmf-dist/tex/latex/graphics/graphicx.sty
(/usr/share/texmf-dist/tex/latex/graphics/graphics.sty
(/usr/share/texmf-dist/tex/latex/graphics/trig.sty)
(/usr/share/texmf-dist/tex/latex/graphics-cfg/graphics.cfg)
(/usr/share/texmf-dist/tex/latex/graphics-def/pdftex.def))))
(/usr/share/texmf-dist/tex/latex/tools/calc.sty)
(/usr/share/texmf-dist/tex/latex/titlesec/titlesec.sty))
\@input{TeXiS/TeXiS_cab.aux}
(./TeXiS/TeXiS_cab.tex (/usr/share/texmf-dist/tex/latex/fancyhdr/fancyhdr.sty))

\@input{TeXiS/TeXiS_cover.aux}
(./TeXiS/TeXiS_cover.tex)
\@input{TeXiS/TeXiS_part.aux}
(./TeXiS/TeXiS_part.tex)
\@input{TeXiS/TeXiS_dedic.aux}
(./TeXiS/TeXiS_dedic.tex)
\@input{TeXiS/TeXiS_bib.aux}
(./TeXiS/TeXiS_bib.tex))
\@input{constantes.aux}
(./constantes.tex)
Copyright Marco Antonio and Pedro Pablo Gomez Martin
(./Tesis.aux (./Cascaras/cover.aux) (./Cascaras/dedicatoria.aux)
(./Cascaras/agradecimientos.aux) (./Cascaras/resumen.aux)
(./TeXiS/TeXiS_toc.aux) (./Capitulos/Parte1.aux) (./Capitulos/01Capitulo1.aux)
(./Capitulos/Technology.aux) (./Apendices/ParteApendices.aux)
(./Apendices/01ApendiceA.aux) (./Cascaras/bibliografia.aux) (./Cascaras/fin.aux
)

! Package natbib Error: Bibliography not compatible with author-year citations.

(natbib)                Press <return> to continue in numerical citation style.


See the natbib package documentation for explanation.
Type  H <return>  for immediate help.
 ...                                              
                                                  
l.39 ...mand\NAT@force@numbers{}\NAT@force@numbers
                                                  
) (/usr/share/texmf-dist/tex/latex/hyperref/nameref.sty
(/usr/share/texmf-dist/tex/generic/oberdiek/gettitlestring.sty)) (./Tesis.out)
(./Tesis.out) (/usr/share/texmf-dist/tex/context/base/mkii/supp-pdf.mkii
[Loading MPS to PDF converter (version 2006.09.02).]
) (/usr/share/texmf-dist/tex/latex/oberdiek/epstopdf-base.sty
(/usr/share/texmf-dist/tex/latex/oberdiek/grfext.sty)
(/usr/share/texmf-dist/tex/latex/latexconfig/epstopdf-sys.cfg)) (./guionado.tex
) (./Cascaras/cover.tex
! Illegal unit of measure (pt inserted).
<to be read again> 
                   \ignorespaces 
l.159 \makeCover
                
[1{/var/lib/texmf/fonts/map/pdftex/updmap/pdftex.map} <./Imagenes/Vectorial/esc
udoUCM.pdf>] [2] [3] (/usr/share/texmf-dist/tex/latex/base/omscmr.fd)) [4]
(./Cascaras/dedicatoria.tex [5] [6] [7] [8]) (./Cascaras/agradecimientos.tex
(/usr/share/texmf-dist/tex/latex/base/t1cmtt.fd) [9]) [10]
(./Cascaras/resumen.tex) [11] (./TeXiS/TeXiS_toc.tex [12] (./Tesis.toc)
[13] [14] (./Tesis.lof) [15] [16] (./Tesis.lot) [17]) [18]
(./Capitulos/Parte1.tex [1] [2]) (./Capitulos/01Capitulo1.tex
Cap\IeC {\'\i }tulo 1.
) [3] (./Capitulos/Technology.tex [4]
Cap\IeC {\'\i }tulo 2.
[5]) [6] (./Apendices/ParteApendices.tex [7] [8]) (./Apendices/01ApendiceA.tex
Ap\'{e}ndice A.
[9]) [10] (./Cascaras/bibliografia.tex (./Tesis.bbl [11])) [12]
(./Cascaras/fin.tex [13] [14]) (./Tesis.aux (./Cascaras/cover.aux)
(./Cascaras/dedicatoria.aux) (./Cascaras/agradecimientos.aux)
(./Cascaras/resumen.aux) (./TeXiS/TeXiS_toc.aux) (./Capitulos/Parte1.aux)
(./Capitulos/01Capitulo1.aux) (./Capitulos/Technology.aux)
(./Apendices/ParteApendices.aux) (./Apendices/01ApendiceA.aux)
(./Cascaras/bibliografia.aux) (./Cascaras/fin.aux)) )
(see the transcript file for additional information){/usr/share/texmf-dist/font
s/enc/dvips/cm-super/cm-super-t1.enc}</usr/share/texmf-dist/fonts/type1/public/
amsfonts/cm/cmmi10.pfb></usr/share/texmf-dist/fonts/type1/public/amsfonts/cm/cm
sy10.pfb></usr/share/texmf-dist/fonts/type1/public/cm-super/sfbi1095.pfb></usr/
share/texmf-dist/fonts/type1/public/cm-super/sfbx1095.pfb></usr/share/texmf-dis
t/fonts/type1/public/cm-super/sfbx1200.pfb></usr/share/texmf-dist/fonts/type1/p
ublic/cm-super/sfbx1440.pfb></usr/share/texmf-dist/fonts/type1/public/cm-super/
sfbx2074.pfb></usr/share/texmf-dist/fonts/type1/public/cm-super/sfbx2488.pfb></
usr/share/texmf-dist/fonts/type1/public/cm-super/sfcc1000.pfb></usr/share/texmf
-dist/fonts/type1/public/cm-super/sfcc1095.pfb></usr/share/texmf-dist/fonts/typ
e1/public/cm-super/sfrm0800.pfb></usr/share/texmf-dist/fonts/type1/public/cm-su
per/sfrm1000.pfb></usr/share/texmf-dist/fonts/type1/public/cm-super/sfrm1095.pf
b></usr/share/texmf-dist/fonts/type1/public/cm-super/sfrm2488.pfb></usr/share/t
exmf-dist/fonts/type1/public/cm-super/sfti1000.pfb></usr/share/texmf-dist/fonts
/type1/public/cm-super/sfti1095.pfb></usr/share/texmf-dist/fonts/type1/public/c
m-super/sfti1200.pfb></usr/share/texmf-dist/fonts/type1/public/cm-super/sftt109
5.pfb></usr/share/texmf-dist/fonts/type1/public/cm-super/sfxc1000.pfb></usr/sha
re/texmf-dist/fonts/type1/public/cm-super/sfxc1095.pfb>
Output written on Tesis.pdf (32 pages, 708996 bytes).
Transcript written on Tesis.log.
This is BibTeX, Version 0.99d (TeX Live 2017/Arch Linux)
The top-level auxiliary file: Tesis.aux
A level-1 auxiliary file: Cascaras/cover.aux
A level-1 auxiliary file: Cascaras/dedicatoria.aux
A level-1 auxiliary file: Cascaras/agradecimientos.aux
A level-1 auxiliary file: Cascaras/resumen.aux
A level-1 auxiliary file: TeXiS/TeXiS_toc.aux
A level-1 auxiliary file: Capitulos/Parte1.aux
A level-1 auxiliary file: Capitulos/01Capitulo1.aux
A level-1 auxiliary file: Capitulos/Technology.aux
A level-1 auxiliary file: Apendices/ParteApendices.aux
A level-1 auxiliary file: Apendices/01ApendiceA.aux
A level-1 auxiliary file: Cascaras/bibliografia.aux
The style file: IEEEtran.bst
A level-1 auxiliary file: Cascaras/fin.aux
Database file #1: latex.bib
Database file #2: otros.bib
Database file #3: nuestros.bib
-- IEEEtran.bst version 1.14 (2015/08/26) by Michael Shell.
-- http://www.michaelshell.org/tex/ieeetran/bibtex/
-- See the "IEEEtran_bst_HOWTO.pdf" manual for usage information.
Warning--empty journal in kaluszka2010distributed

Done.
(There was 1 warning)
This is pdfTeX, Version 3.14159265-2.6-1.40.18 (TeX Live 2017/Arch Linux) (preloaded format=pdflatex)
 restricted \write18 enabled.
entering extended mode
(./Tesis.tex
LaTeX2e <2017-04-15>
Babel <3.15> and hyphenation patterns for 84 language(s) loaded.
(/usr/share/texmf-dist/tex/latex/base/book.cls
Document Class: book 2014/09/29 v1.4h Standard LaTeX document class
(/usr/share/texmf-dist/tex/latex/base/bk11.clo))
\@input{config.aux}
(./config.tex) (./TeXiS/TeXiS.sty
(/usr/share/texmf-dist/tex/latex/tools/verbatim.sty)
\@input{TeXiS/TeXiS_pream.aux}
(./TeXiS/TeXiS_pream.tex (/usr/share/texmf-dist/tex/latex/base/shortvrb.sty)
(/usr/share/texmf-dist/tex/latex/base/inputenc.sty
(/usr/share/texmf-dist/tex/latex/base/utf8.def
(/usr/share/texmf-dist/tex/latex/base/t1enc.dfu)
(/usr/share/texmf-dist/tex/latex/base/ot1enc.dfu)
(/usr/share/texmf-dist/tex/latex/base/omsenc.dfu)))
(/usr/share/texmf-dist/tex/latex/natbib/natbib.sty)
(/usr/share/texmf-dist/tex/generic/babel/babel.sty
(/usr/share/texmf-dist/tex/generic/babel/switch.def)
(/usr/share/texmf-dist/tex/generic/babel-spanish/spanish.ldf
(/usr/share/texmf-dist/tex/generic/babel/babel.def
(/usr/share/texmf-dist/tex/generic/babel/switch.def))))
(/usr/share/texmf-dist/tex/latex/url/url.sty)
(/usr/share/texmf-dist/tex/generic/oberdiek/ifpdf.sty)
(/usr/share/texmf-dist/tex/latex/hyperref/hyperref.sty
(/usr/share/texmf-dist/tex/generic/oberdiek/hobsub-hyperref.sty
(/usr/share/texmf-dist/tex/generic/oberdiek/hobsub-generic.sty))
(/usr/share/texmf-dist/tex/latex/graphics/keyval.sty)
(/usr/share/texmf-dist/tex/generic/ifxetex/ifxetex.sty)
(/usr/share/texmf-dist/tex/latex/oberdiek/auxhook.sty)
(/usr/share/texmf-dist/tex/latex/oberdiek/kvoptions.sty)
(/usr/share/texmf-dist/tex/latex/hyperref/pd1enc.def)
(/usr/share/texmf-dist/tex/latex/latexconfig/hyperref.cfg)

Package hyperref Warning: Invalid value `0'
(hyperref)                for option `pdfborder'.
(hyperref)                Option setting is ignored on input line 4374.

)

Package hyperref Message: Driver (autodetected): hpdftex.

(/usr/share/texmf-dist/tex/latex/hyperref/hpdftex.def
(/usr/share/texmf-dist/tex/latex/oberdiek/rerunfilecheck.sty))
(/usr/share/texmf-dist/tex/latex/base/makeidx.sty)
Writing index file Tesis.idx
(/usr/share/texmf-dist/tex/latex/tools/multicol.sty)
(/usr/share/texmf-dist/tex/latex/subfig/subfig.sty
(/usr/share/texmf-dist/tex/latex/caption/caption.sty
(/usr/share/texmf-dist/tex/latex/caption/caption3.sty)))
(/usr/share/texmf-dist/tex/latex/listings/listings.sty
(/usr/share/texmf-dist/tex/latex/listings/lstmisc.sty)
(/usr/share/texmf-dist/tex/latex/listings/listings.cfg))
(/usr/share/texmf-dist/tex/latex/tools/tabularx.sty
(/usr/share/texmf-dist/tex/latex/tools/array.sty))
(/usr/share/texmf-dist/tex/latex/base/fontenc.sty
(/usr/share/texmf-dist/tex/latex/base/t1enc.def))
(/usr/share/texmf-dist/tex/latex/graphics/epsfig.sty
(/usr/share/texmf-dist/tex/latex/graphics/graphicx.sty
(/usr/share/texmf-dist/tex/latex/graphics/graphics.sty
(/usr/share/texmf-dist/tex/latex/graphics/trig.sty)
(/usr/share/texmf-dist/tex/latex/graphics-cfg/graphics.cfg)
(/usr/share/texmf-dist/tex/latex/graphics-def/pdftex.def))))
(/usr/share/texmf-dist/tex/latex/tools/calc.sty)
(/usr/share/texmf-dist/tex/latex/titlesec/titlesec.sty))
\@input{TeXiS/TeXiS_cab.aux}
(./TeXiS/TeXiS_cab.tex (/usr/share/texmf-dist/tex/latex/fancyhdr/fancyhdr.sty))

\@input{TeXiS/TeXiS_cover.aux}
(./TeXiS/TeXiS_cover.tex)
\@input{TeXiS/TeXiS_part.aux}
(./TeXiS/TeXiS_part.tex)
\@input{TeXiS/TeXiS_dedic.aux}
(./TeXiS/TeXiS_dedic.tex)
\@input{TeXiS/TeXiS_bib.aux}
(./TeXiS/TeXiS_bib.tex))
\@input{constantes.aux}
(./constantes.tex)
Copyright Marco Antonio and Pedro Pablo Gomez Martin
(./Tesis.aux (./Cascaras/cover.aux) (./Cascaras/dedicatoria.aux)
(./Cascaras/agradecimientos.aux) (./Cascaras/resumen.aux)
(./TeXiS/TeXiS_toc.aux) (./Capitulos/Parte1.aux) (./Capitulos/01Capitulo1.aux)
(./Capitulos/Technology.aux) (./Apendices/ParteApendices.aux)
(./Apendices/01ApendiceA.aux) (./Cascaras/bibliografia.aux) (./Cascaras/fin.aux
)

! Package natbib Error: Bibliography not compatible with author-year citations.

(natbib)                Press <return> to continue in numerical citation style.


See the natbib package documentation for explanation.
Type  H <return>  for immediate help.
 ...                                              
                                                  
l.39 ...mand\NAT@force@numbers{}\NAT@force@numbers
                                                  
) (/usr/share/texmf-dist/tex/latex/hyperref/nameref.sty
(/usr/share/texmf-dist/tex/generic/oberdiek/gettitlestring.sty)) (./Tesis.out)
(./Tesis.out) (/usr/share/texmf-dist/tex/context/base/mkii/supp-pdf.mkii
[Loading MPS to PDF converter (version 2006.09.02).]
) (/usr/share/texmf-dist/tex/latex/oberdiek/epstopdf-base.sty
(/usr/share/texmf-dist/tex/latex/oberdiek/grfext.sty)
(/usr/share/texmf-dist/tex/latex/latexconfig/epstopdf-sys.cfg)) (./guionado.tex
) (./Cascaras/cover.tex
! Illegal unit of measure (pt inserted).
<to be read again> 
                   \ignorespaces 
l.159 \makeCover
                
[1{/var/lib/texmf/fonts/map/pdftex/updmap/pdftex.map} <./Imagenes/Vectorial/esc
udoUCM.pdf>] [2] [3] (/usr/share/texmf-dist/tex/latex/base/omscmr.fd)) [4]
(./Cascaras/dedicatoria.tex [5] [6] [7] [8]) (./Cascaras/agradecimientos.tex
(/usr/share/texmf-dist/tex/latex/base/t1cmtt.fd) [9]) [10]
(./Cascaras/resumen.tex) [11] (./TeXiS/TeXiS_toc.tex [12] (./Tesis.toc)
[13] [14] (./Tesis.lof) [15] [16] (./Tesis.lot) [17]) [18]
(./Capitulos/Parte1.tex [1] [2]) (./Capitulos/01Capitulo1.tex
Cap\IeC {\'\i }tulo 1.
) [3] (./Capitulos/Technology.tex [4]
Cap\IeC {\'\i }tulo 2.
[5]) [6] (./Apendices/ParteApendices.tex [7] [8]) (./Apendices/01ApendiceA.tex
Ap\'{e}ndice A.
[9]) [10] (./Cascaras/bibliografia.tex (./Tesis.bbl [11])) [12]
(./Cascaras/fin.tex [13] [14]) (./Tesis.aux (./Cascaras/cover.aux)
(./Cascaras/dedicatoria.aux) (./Cascaras/agradecimientos.aux)
(./Cascaras/resumen.aux) (./TeXiS/TeXiS_toc.aux) (./Capitulos/Parte1.aux)
(./Capitulos/01Capitulo1.aux) (./Capitulos/Technology.aux)
(./Apendices/ParteApendices.aux) (./Apendices/01ApendiceA.aux)
(./Cascaras/bibliografia.aux) (./Cascaras/fin.aux)) )
(see the transcript file for additional information){/usr/share/texmf-dist/font
s/enc/dvips/cm-super/cm-super-t1.enc}</usr/share/texmf-dist/fonts/type1/public/
amsfonts/cm/cmmi10.pfb></usr/share/texmf-dist/fonts/type1/public/amsfonts/cm/cm
sy10.pfb></usr/share/texmf-dist/fonts/type1/public/cm-super/sfbi1095.pfb></usr/
share/texmf-dist/fonts/type1/public/cm-super/sfbx1095.pfb></usr/share/texmf-dis
t/fonts/type1/public/cm-super/sfbx1200.pfb></usr/share/texmf-dist/fonts/type1/p
ublic/cm-super/sfbx1440.pfb></usr/share/texmf-dist/fonts/type1/public/cm-super/
sfbx2074.pfb></usr/share/texmf-dist/fonts/type1/public/cm-super/sfbx2488.pfb></
usr/share/texmf-dist/fonts/type1/public/cm-super/sfcc1000.pfb></usr/share/texmf
-dist/fonts/type1/public/cm-super/sfcc1095.pfb></usr/share/texmf-dist/fonts/typ
e1/public/cm-super/sfrm0800.pfb></usr/share/texmf-dist/fonts/type1/public/cm-su
per/sfrm1000.pfb></usr/share/texmf-dist/fonts/type1/public/cm-super/sfrm1095.pf
b></usr/share/texmf-dist/fonts/type1/public/cm-super/sfrm2488.pfb></usr/share/t
exmf-dist/fonts/type1/public/cm-super/sfti1000.pfb></usr/share/texmf-dist/fonts
/type1/public/cm-super/sfti1095.pfb></usr/share/texmf-dist/fonts/type1/public/c
m-super/sfti1200.pfb></usr/share/texmf-dist/fonts/type1/public/cm-super/sftt109
5.pfb></usr/share/texmf-dist/fonts/type1/public/cm-super/sfxc1000.pfb></usr/sha
re/texmf-dist/fonts/type1/public/cm-super/sfxc1095.pfb>
Output written on Tesis.pdf (32 pages, 708996 bytes).
Transcript written on Tesis.log.
This is pdfTeX, Version 3.14159265-2.6-1.40.18 (TeX Live 2017/Arch Linux) (preloaded format=pdflatex)
 restricted \write18 enabled.
entering extended mode
(./Tesis.tex
LaTeX2e <2017-04-15>
Babel <3.15> and hyphenation patterns for 84 language(s) loaded.
(/usr/share/texmf-dist/tex/latex/base/book.cls
Document Class: book 2014/09/29 v1.4h Standard LaTeX document class
(/usr/share/texmf-dist/tex/latex/base/bk11.clo))
\@input{config.aux}
(./config.tex) (./TeXiS/TeXiS.sty
(/usr/share/texmf-dist/tex/latex/tools/verbatim.sty)
\@input{TeXiS/TeXiS_pream.aux}
(./TeXiS/TeXiS_pream.tex (/usr/share/texmf-dist/tex/latex/base/shortvrb.sty)
(/usr/share/texmf-dist/tex/latex/base/inputenc.sty
(/usr/share/texmf-dist/tex/latex/base/utf8.def
(/usr/share/texmf-dist/tex/latex/base/t1enc.dfu)
(/usr/share/texmf-dist/tex/latex/base/ot1enc.dfu)
(/usr/share/texmf-dist/tex/latex/base/omsenc.dfu)))
(/usr/share/texmf-dist/tex/latex/natbib/natbib.sty)
(/usr/share/texmf-dist/tex/generic/babel/babel.sty
(/usr/share/texmf-dist/tex/generic/babel/switch.def)
(/usr/share/texmf-dist/tex/generic/babel-spanish/spanish.ldf
(/usr/share/texmf-dist/tex/generic/babel/babel.def
(/usr/share/texmf-dist/tex/generic/babel/switch.def))))
(/usr/share/texmf-dist/tex/latex/url/url.sty)
(/usr/share/texmf-dist/tex/generic/oberdiek/ifpdf.sty)
(/usr/share/texmf-dist/tex/latex/hyperref/hyperref.sty
(/usr/share/texmf-dist/tex/generic/oberdiek/hobsub-hyperref.sty
(/usr/share/texmf-dist/tex/generic/oberdiek/hobsub-generic.sty))
(/usr/share/texmf-dist/tex/latex/graphics/keyval.sty)
(/usr/share/texmf-dist/tex/generic/ifxetex/ifxetex.sty)
(/usr/share/texmf-dist/tex/latex/oberdiek/auxhook.sty)
(/usr/share/texmf-dist/tex/latex/oberdiek/kvoptions.sty)
(/usr/share/texmf-dist/tex/latex/hyperref/pd1enc.def)
(/usr/share/texmf-dist/tex/latex/latexconfig/hyperref.cfg)

Package hyperref Warning: Invalid value `0'
(hyperref)                for option `pdfborder'.
(hyperref)                Option setting is ignored on input line 4374.

)

Package hyperref Message: Driver (autodetected): hpdftex.

(/usr/share/texmf-dist/tex/latex/hyperref/hpdftex.def
(/usr/share/texmf-dist/tex/latex/oberdiek/rerunfilecheck.sty))
(/usr/share/texmf-dist/tex/latex/base/makeidx.sty)
Writing index file Tesis.idx
(/usr/share/texmf-dist/tex/latex/tools/multicol.sty)
(/usr/share/texmf-dist/tex/latex/subfig/subfig.sty
(/usr/share/texmf-dist/tex/latex/caption/caption.sty
(/usr/share/texmf-dist/tex/latex/caption/caption3.sty)))
(/usr/share/texmf-dist/tex/latex/listings/listings.sty
(/usr/share/texmf-dist/tex/latex/listings/lstmisc.sty)
(/usr/share/texmf-dist/tex/latex/listings/listings.cfg))
(/usr/share/texmf-dist/tex/latex/tools/tabularx.sty
(/usr/share/texmf-dist/tex/latex/tools/array.sty))
(/usr/share/texmf-dist/tex/latex/base/fontenc.sty
(/usr/share/texmf-dist/tex/latex/base/t1enc.def))
(/usr/share/texmf-dist/tex/latex/graphics/epsfig.sty
(/usr/share/texmf-dist/tex/latex/graphics/graphicx.sty
(/usr/share/texmf-dist/tex/latex/graphics/graphics.sty
(/usr/share/texmf-dist/tex/latex/graphics/trig.sty)
(/usr/share/texmf-dist/tex/latex/graphics-cfg/graphics.cfg)
(/usr/share/texmf-dist/tex/latex/graphics-def/pdftex.def))))
(/usr/share/texmf-dist/tex/latex/tools/calc.sty)
(/usr/share/texmf-dist/tex/latex/titlesec/titlesec.sty))
\@input{TeXiS/TeXiS_cab.aux}
(./TeXiS/TeXiS_cab.tex (/usr/share/texmf-dist/tex/latex/fancyhdr/fancyhdr.sty))

\@input{TeXiS/TeXiS_cover.aux}
(./TeXiS/TeXiS_cover.tex)
\@input{TeXiS/TeXiS_part.aux}
(./TeXiS/TeXiS_part.tex)
\@input{TeXiS/TeXiS_dedic.aux}
(./TeXiS/TeXiS_dedic.tex)
\@input{TeXiS/TeXiS_bib.aux}
(./TeXiS/TeXiS_bib.tex))
\@input{constantes.aux}
(./constantes.tex)
Copyright Marco Antonio and Pedro Pablo Gomez Martin
(./Tesis.aux (./Cascaras/cover.aux) (./Cascaras/dedicatoria.aux)
(./Cascaras/agradecimientos.aux) (./Cascaras/resumen.aux)
(./TeXiS/TeXiS_toc.aux) (./Capitulos/Parte1.aux) (./Capitulos/01Capitulo1.aux)
(./Capitulos/Technology.aux) (./Apendices/ParteApendices.aux)
(./Apendices/01ApendiceA.aux) (./Cascaras/bibliografia.aux) (./Cascaras/fin.aux
)

! Package natbib Error: Bibliography not compatible with author-year citations.

(natbib)                Press <return> to continue in numerical citation style.


See the natbib package documentation for explanation.
Type  H <return>  for immediate help.
 ...                                              
                                                  
l.39 ...mand\NAT@force@numbers{}\NAT@force@numbers
                                                  
) (/usr/share/texmf-dist/tex/latex/hyperref/nameref.sty
(/usr/share/texmf-dist/tex/generic/oberdiek/gettitlestring.sty)) (./Tesis.out)
(./Tesis.out) (/usr/share/texmf-dist/tex/context/base/mkii/supp-pdf.mkii
[Loading MPS to PDF converter (version 2006.09.02).]
) (/usr/share/texmf-dist/tex/latex/oberdiek/epstopdf-base.sty
(/usr/share/texmf-dist/tex/latex/oberdiek/grfext.sty)
(/usr/share/texmf-dist/tex/latex/latexconfig/epstopdf-sys.cfg)) (./guionado.tex
) (./Cascaras/cover.tex
! Illegal unit of measure (pt inserted).
<to be read again> 
                   \ignorespaces 
l.159 \makeCover
                
[1{/var/lib/texmf/fonts/map/pdftex/updmap/pdftex.map} <./Imagenes/Vectorial/esc
udoUCM.pdf>] [2] [3] (/usr/share/texmf-dist/tex/latex/base/omscmr.fd)) [4]
(./Cascaras/dedicatoria.tex [5] [6] [7] [8]) (./Cascaras/agradecimientos.tex
(/usr/share/texmf-dist/tex/latex/base/t1cmtt.fd) [9]) [10]
(./Cascaras/resumen.tex) [11] (./TeXiS/TeXiS_toc.tex [12] (./Tesis.toc)
[13] [14] (./Tesis.lof) [15] [16] (./Tesis.lot) [17]) [18]
(./Capitulos/Parte1.tex [1] [2]) (./Capitulos/01Capitulo1.tex
Cap\IeC {\'\i }tulo 1.
) [3] (./Capitulos/Technology.tex [4]
Cap\IeC {\'\i }tulo 2.
[5]) [6] (./Apendices/ParteApendices.tex [7] [8]) (./Apendices/01ApendiceA.tex
Ap\'{e}ndice A.
[9]) [10] (./Cascaras/bibliografia.tex (./Tesis.bbl [11])) [12]
(./Cascaras/fin.tex [13] [14]) (./Tesis.aux (./Cascaras/cover.aux)
(./Cascaras/dedicatoria.aux) (./Cascaras/agradecimientos.aux)
(./Cascaras/resumen.aux) (./TeXiS/TeXiS_toc.aux) (./Capitulos/Parte1.aux)
(./Capitulos/01Capitulo1.aux) (./Capitulos/Technology.aux)
(./Apendices/ParteApendices.aux) (./Apendices/01ApendiceA.aux)
(./Cascaras/bibliografia.aux) (./Cascaras/fin.aux)) )
(see the transcript file for additional information){/usr/share/texmf-dist/font
s/enc/dvips/cm-super/cm-super-t1.enc}</usr/share/texmf-dist/fonts/type1/public/
amsfonts/cm/cmmi10.pfb></usr/share/texmf-dist/fonts/type1/public/amsfonts/cm/cm
sy10.pfb></usr/share/texmf-dist/fonts/type1/public/cm-super/sfbi1095.pfb></usr/
share/texmf-dist/fonts/type1/public/cm-super/sfbx1095.pfb></usr/share/texmf-dis
t/fonts/type1/public/cm-super/sfbx1200.pfb></usr/share/texmf-dist/fonts/type1/p
ublic/cm-super/sfbx1440.pfb></usr/share/texmf-dist/fonts/type1/public/cm-super/
sfbx2074.pfb></usr/share/texmf-dist/fonts/type1/public/cm-super/sfbx2488.pfb></
usr/share/texmf-dist/fonts/type1/public/cm-super/sfcc1000.pfb></usr/share/texmf
-dist/fonts/type1/public/cm-super/sfcc1095.pfb></usr/share/texmf-dist/fonts/typ
e1/public/cm-super/sfrm0800.pfb></usr/share/texmf-dist/fonts/type1/public/cm-su
per/sfrm1000.pfb></usr/share/texmf-dist/fonts/type1/public/cm-super/sfrm1095.pf
b></usr/share/texmf-dist/fonts/type1/public/cm-super/sfrm2488.pfb></usr/share/t
exmf-dist/fonts/type1/public/cm-super/sfti1000.pfb></usr/share/texmf-dist/fonts
/type1/public/cm-super/sfti1095.pfb></usr/share/texmf-dist/fonts/type1/public/c
m-super/sfti1200.pfb></usr/share/texmf-dist/fonts/type1/public/cm-super/sftt109
5.pfb></usr/share/texmf-dist/fonts/type1/public/cm-super/sfxc1000.pfb></usr/sha
re/texmf-dist/fonts/type1/public/cm-super/sfxc1095.pfb>
Output written on Tesis.pdf (32 pages, 708996 bytes).
Transcript written on Tesis.log.
