\BOOKMARK [0][-]{titulo.0}{P\341gina de T\355tulo}{}% 1
\BOOKMARK [0][-]{dedicatoria.0}{Dedicatoria}{}% 2
\BOOKMARK [0][-]{chapter*.1}{Agradecimientos}{}% 3
\BOOKMARK [0][-]{chapter*.2}{Abstract}{}% 4
\BOOKMARK [0][-]{chapter.1}{Introduction}{}% 5
\BOOKMARK [1][-]{section.1.1}{Objective}{chapter.1}% 6
\BOOKMARK [1][-]{section.1.2}{In this work}{chapter.1}% 7
\BOOKMARK [0][-]{chapter.2}{Background and State of the art}{}% 8
\BOOKMARK [1][-]{section.2.1}{Socio-cultural background}{chapter.2}% 9
\BOOKMARK [2][-]{subsection.2.1.1}{Publication systems}{section.2.1}% 10
\BOOKMARK [2][-]{subsection.2.1.2}{Reputation systems}{section.2.1}% 11
\BOOKMARK [1][-]{section.2.2}{Technical background}{chapter.2}% 12
\BOOKMARK [2][-]{subsection.2.2.1}{Network Architectures}{section.2.2}% 13
\BOOKMARK [1][-]{section.2.3}{State of the art}{chapter.2}% 14
\BOOKMARK [2][-]{subsection.2.3.1}{Alternative publication systems}{section.2.3}% 15
\BOOKMARK [2][-]{subsection.2.3.2}{Reputation systems}{section.2.3}% 16
\BOOKMARK [0][-]{chapter.3}{Methodology \046 Technology}{}% 17
\BOOKMARK [1][-]{section.3.1}{Methodology}{chapter.3}% 18
\BOOKMARK [2][-]{subsection.3.1.1}{Brainstorming}{section.3.1}% 19
\BOOKMARK [2][-]{subsection.3.1.2}{Value proposition canvas}{section.3.1}% 20
\BOOKMARK [2][-]{subsection.3.1.3}{Agile methodologies}{section.3.1}% 21
\BOOKMARK [1][-]{section.3.2}{Technology}{chapter.3}% 22
\BOOKMARK [2][-]{subsection.3.2.1}{IPFS}{section.3.2}% 23
\BOOKMARK [2][-]{subsection.3.2.2}{Ethereum}{section.3.2}% 24
\BOOKMARK [2][-]{subsection.3.2.3}{Remix}{section.3.2}% 25
\BOOKMARK [2][-]{subsection.3.2.4}{Testrpc}{section.3.2}% 26
\BOOKMARK [2][-]{subsection.3.2.5}{JavaScript and Metamask}{section.3.2}% 27
\BOOKMARK [0][-]{chapter.4}{Platform Description}{}% 28
\BOOKMARK [1][-]{section.4.1}{Transparent Peer Review Governance}{chapter.4}% 29
\BOOKMARK [1][-]{section.4.2}{The Peer Review Reputation network}{chapter.4}% 30
\BOOKMARK [1][-]{section.4.3}{Distributed Open Access infrastructure}{chapter.4}% 31
\BOOKMARK [1][-]{section.4.4}{Privacy Settings of Open Peer Review and Rating}{chapter.4}% 32
\BOOKMARK [2][-]{subsection.4.4.1}{Anonymous Rating}{section.4.4}% 33
\BOOKMARK [1][-]{section.4.5}{Architecture}{chapter.4}% 34
\BOOKMARK [2][-]{subsection.4.5.1}{Smart Contract Architecture}{section.4.5}% 35
\BOOKMARK [1][-]{section.4.6}{Reputation system}{chapter.4}% 36
\BOOKMARK [1][-]{section.4.7}{Proof of concept showcase}{chapter.4}% 37
\BOOKMARK [0][-]{chapter.5}{Discussion}{}% 38
\BOOKMARK [1][-]{section.5.1}{Monetary Impact}{chapter.5}% 39
\BOOKMARK [1][-]{section.5.2}{Review Time and Quality Impact}{chapter.5}% 40
\BOOKMARK [1][-]{section.5.3}{Science Distribution}{chapter.5}% 41
\BOOKMARK [1][-]{section.5.4}{Problems}{chapter.5}% 42
\BOOKMARK [0][-]{chapter.6}{Conclusions and future work}{}% 43
\BOOKMARK [1][-]{section.6.1}{Future Work}{chapter.6}% 44
\BOOKMARK [0][-]{fin.0}{Fin}{}% 45
